[32mINFO[0m:     [03-03-2024 15:26:54] Set chroma_server_nofile to 65535
[32mINFO[0m:     [03-03-2024 15:26:54] Anonymized telemetry enabled. See                     https://docs.trychroma.com/telemetry for more information.
[36mDEBUG[0m:    [03-03-2024 15:26:54] Starting component System
[36mDEBUG[0m:    [03-03-2024 15:26:54] Starting component OpenTelemetryClient
[36mDEBUG[0m:    [03-03-2024 15:26:54] Starting component SimpleAssignmentPolicy
[36mDEBUG[0m:    [03-03-2024 15:26:54] Starting component SqliteDB
[36mDEBUG[0m:    [03-03-2024 15:26:54] Starting component QuotaEnforcer
[36mDEBUG[0m:    [03-03-2024 15:26:54] Starting component Posthog
[36mDEBUG[0m:    [03-03-2024 15:26:54] Starting component LocalSegmentManager
[36mDEBUG[0m:    [03-03-2024 15:26:54] Starting component SegmentAPI
[32mINFO[0m:     [03-03-2024 15:26:54] Started server process [[36m127176[0m]
[32mINFO[0m:     [03-03-2024 15:26:54] Waiting for application startup.
[32mINFO[0m:     [03-03-2024 15:26:54] Application startup complete.
[32mINFO[0m:     [03-03-2024 15:26:54] Uvicorn running on [1mhttp://localhost:8000[0m (Press CTRL+C to quit)
[32mINFO[0m:     [03-03-2024 15:29:08] Shutting down
[32mINFO[0m:     [03-03-2024 15:29:08] Waiting for application shutdown.
[36mDEBUG[0m:    [03-03-2024 15:29:08] Stopping component System
[36mDEBUG[0m:    [03-03-2024 15:29:08] Stopping component SegmentAPI
[36mDEBUG[0m:    [03-03-2024 15:29:08] Stopping component LocalSegmentManager
[36mDEBUG[0m:    [03-03-2024 15:29:08] Stopping component Posthog
[36mDEBUG[0m:    [03-03-2024 15:29:08] Stopping component QuotaEnforcer
[36mDEBUG[0m:    [03-03-2024 15:29:08] Stopping component SqliteDB
[36mDEBUG[0m:    [03-03-2024 15:29:08] Stopping component SimpleAssignmentPolicy
[36mDEBUG[0m:    [03-03-2024 15:29:08] Stopping component OpenTelemetryClient
[32mINFO[0m:     [03-03-2024 15:29:08] Application shutdown complete.
[32mINFO[0m:     [03-03-2024 15:29:08] Finished server process [[36m127176[0m]
[32mINFO[0m:     [03-03-2024 15:29:12] Set chroma_server_nofile to 65535
[32mINFO[0m:     [03-03-2024 15:29:13] Anonymized telemetry enabled. See                     https://docs.trychroma.com/telemetry for more information.
[36mDEBUG[0m:    [03-03-2024 15:29:13] Starting component System
[36mDEBUG[0m:    [03-03-2024 15:29:13] Starting component OpenTelemetryClient
[36mDEBUG[0m:    [03-03-2024 15:29:13] Starting component SimpleAssignmentPolicy
[36mDEBUG[0m:    [03-03-2024 15:29:13] Starting component SqliteDB
[36mDEBUG[0m:    [03-03-2024 15:29:13] Starting component QuotaEnforcer
[36mDEBUG[0m:    [03-03-2024 15:29:13] Starting component Posthog
[36mDEBUG[0m:    [03-03-2024 15:29:13] Starting component LocalSegmentManager
[36mDEBUG[0m:    [03-03-2024 15:29:13] Starting component SegmentAPI
[32mINFO[0m:     [03-03-2024 15:29:13] Started server process [[36m128819[0m]
[32mINFO[0m:     [03-03-2024 15:29:13] Waiting for application startup.
[32mINFO[0m:     [03-03-2024 15:29:13] Application startup complete.
[32mINFO[0m:     [03-03-2024 15:29:13] Uvicorn running on [1mhttp://localhost:8000[0m (Press CTRL+C to quit)
[32mINFO[0m:     [03-03-2024 15:29:50] Shutting down
[32mINFO[0m:     [03-03-2024 15:29:51] Waiting for application shutdown.
[36mDEBUG[0m:    [03-03-2024 15:29:51] Stopping component System
[36mDEBUG[0m:    [03-03-2024 15:29:51] Stopping component SegmentAPI
[36mDEBUG[0m:    [03-03-2024 15:29:51] Stopping component LocalSegmentManager
[36mDEBUG[0m:    [03-03-2024 15:29:51] Stopping component Posthog
[36mDEBUG[0m:    [03-03-2024 15:29:51] Stopping component QuotaEnforcer
[36mDEBUG[0m:    [03-03-2024 15:29:51] Stopping component SqliteDB
[36mDEBUG[0m:    [03-03-2024 15:29:51] Stopping component SimpleAssignmentPolicy
[36mDEBUG[0m:    [03-03-2024 15:29:51] Stopping component OpenTelemetryClient
[32mINFO[0m:     [03-03-2024 15:29:51] Application shutdown complete.
[32mINFO[0m:     [03-03-2024 15:29:51] Finished server process [[36m128819[0m]
[32mINFO[0m:     [03-03-2024 15:38:07] Set chroma_server_nofile to 65535
[32mINFO[0m:     [03-03-2024 15:38:07] Anonymized telemetry enabled. See                     https://docs.trychroma.com/telemetry for more information.
[36mDEBUG[0m:    [03-03-2024 15:38:07] Starting component System
[36mDEBUG[0m:    [03-03-2024 15:38:07] Starting component OpenTelemetryClient
[36mDEBUG[0m:    [03-03-2024 15:38:07] Starting component SimpleAssignmentPolicy
[36mDEBUG[0m:    [03-03-2024 15:38:07] Starting component SqliteDB
[36mDEBUG[0m:    [03-03-2024 15:38:07] Starting component QuotaEnforcer
[36mDEBUG[0m:    [03-03-2024 15:38:07] Starting component Posthog
[36mDEBUG[0m:    [03-03-2024 15:38:07] Starting component LocalSegmentManager
[36mDEBUG[0m:    [03-03-2024 15:38:07] Starting component SegmentAPI
[32mINFO[0m:     [03-03-2024 15:38:07] Started server process [[36m135383[0m]
[32mINFO[0m:     [03-03-2024 15:38:07] Waiting for application startup.
[32mINFO[0m:     [03-03-2024 15:38:07] Application startup complete.
[32mINFO[0m:     [03-03-2024 15:38:07] Uvicorn running on [1mhttp://localhost:8000[0m (Press CTRL+C to quit)
